<?xml version="1.0" encoding="UTF-8"?>
<!-- Generated by org.testng.reporters.JUnitXMLReporter -->
<testsuite ignored="0" hostname="JAISU1606183L" failures="0" tests="5" name="Test" time="0.059" errors="0" timestamp="2022-10-14T16:06:45 IST">
  <testcase classname="UI.Groups" name="GroupTest3" time="0.01"/>
  <testcase classname="UI.Groups" name="GroupTest2" time="0.002"/>
  <testcase classname="UI.Groups" name="GroupTest4" time="0.001"/>
  <testcase classname="UI.Groups" name="GroupTest1" time="0.002"/>
  <testcase classname="UI.LoginTest" name="LoginTest1" time="0.001"/>
</testsuite> <!-- Test -->
