<?xml version="1.0" encoding="UTF-8"?>
<testng-results ignored="0" total="1" passed="1" failed="0" skipped="0">
  <reporter-output>
  </reporter-output>
  <suite started-at="2023-04-16T12:54:16 IST" name="Default suite" finished-at="2023-04-16T12:54:49 IST" duration-ms="33394">
    <groups>
    </groups>
    <test started-at="2023-04-16T12:54:16 IST" name="Default test" finished-at="2023-04-16T12:54:49 IST" duration-ms="33394">
      <class name="UI.Windowhandletest">
        <test-method signature="windowtest()[pri:0, instance:UI.Windowhandletest@71238fc2]" started-at="2023-04-16T12:54:16 IST" name="windowtest" finished-at="2023-04-16T12:54:49 IST" duration-ms="33349" status="PASS">
          <reporter-output>
          </reporter-output>
        </test-method> <!-- windowtest -->
      </class> <!-- UI.Windowhandletest -->
    </test> <!-- Default test -->
  </suite> <!-- Default suite -->
</testng-results>
