<?xml version="1.0" encoding="UTF-8"?>
<!-- Generated by org.testng.reporters.JUnitXMLReporter -->
<testsuite ignored="1" hostname="JAISU1606183L" failures="0" tests="4" name="Test" time="0.053" errors="0" timestamp="2022-09-28T15:45:16 IST">
  <testcase classname="UI.Group" name="GroupTest2" time="0.007"/>
  <testcase classname="UI.Group" name="GroupTest4" time="0.002"/>
  <testcase classname="UI.Group" name="GroupTest1" time="0.001"/>
  <testcase classname="UI.LoginTest" name="LoginTest1" time="0.001"/>
  <testcase classname="UI.Group" name="GroupTest3" time="0.0">
    <ignored/>
  </testcase> <!-- GroupTest3 -->
</testsuite> <!-- Test -->
