<?xml version="1.0" encoding="UTF-8"?>
<!-- Generated by org.testng.reporters.JUnitXMLReporter -->
<testsuite ignored="0" hostname="JAISU1606183L" failures="0" tests="8" name="GRP-Functional,Regression" time="0.07" errors="0" timestamp="2023-02-18T13:41:58 IST">
  <testcase classname="UI.BeforeAfterGroup" name="GroupTest1" time="0.012"/>
  <testcase classname="UI.BeforeAfterGroup" name="GroupTest2" time="0.001"/>
  <testcase classname="UI.BeforeAfterGroup" name="GroupTest3" time="0.002"/>
  <testcase classname="UI.BeforeAfterGroup" name="GroupTest4" time="0.002"/>
  <testcase classname="UI.Groups" name="GroupTest3" time="0.001"/>
  <testcase classname="UI.Groups" name="GroupTest2" time="0.001"/>
  <testcase classname="UI.Groups" name="GroupTest4" time="0.001"/>
  <testcase classname="UI.Groups" name="GroupTest1" time="0.002"/>
</testsuite> <!-- GRP-Functional,Regression -->
