<?xml version="1.0" encoding="UTF-8"?>
<!-- Generated by org.testng.reporters.JUnitXMLReporter -->
<testsuite ignored="3" hostname="JAISU1606183L" failures="0" tests="5" name="GRP-Functional" time="0.063" errors="0" timestamp="2023-02-18T13:41:36 IST">
  <testcase classname="UI.BeforeAfterGroup" name="GroupTest2" time="0.004"/>
  <testcase classname="UI.BeforeAfterGroup" name="GroupTest4" time="0.007"/>
  <testcase classname="UI.Groups" name="GroupTest3" time="0.001"/>
  <testcase classname="UI.Groups" name="GroupTest2" time="0.001"/>
  <testcase classname="UI.Groups" name="GroupTest4" time="0.001"/>
  <testcase classname="UI.BeforeAfterGroup" name="GroupTest1" time="0.0">
    <ignored/>
  </testcase> <!-- GroupTest1 -->
  <testcase classname="UI.BeforeAfterGroup" name="GroupTest3" time="0.0">
    <ignored/>
  </testcase> <!-- GroupTest3 -->
  <testcase classname="UI.Groups" name="GroupTest1" time="0.0">
    <ignored/>
  </testcase> <!-- GroupTest1 -->
</testsuite> <!-- GRP-Functional -->
