<?xml version="1.0" encoding="UTF-8"?>
<!-- Generated by org.testng.reporters.JUnitXMLReporter -->
<testsuite ignored="4" hostname="JAISU1606183L" failures="0" tests="4" name="GRP-Regression" time="0.059" errors="0" timestamp="2023-02-18T13:41:15 IST">
  <testcase classname="UI.BeforeAfterGroup" name="GroupTest1" time="0.01"/>
  <testcase classname="UI.BeforeAfterGroup" name="GroupTest3" time="0.001"/>
  <testcase classname="UI.Groups" name="GroupTest3" time="0.002"/>
  <testcase classname="UI.Groups" name="GroupTest1" time="0.001"/>
  <testcase classname="UI.BeforeAfterGroup" name="GroupTest2" time="0.0">
    <ignored/>
  </testcase> <!-- GroupTest2 -->
  <testcase classname="UI.Groups" name="GroupTest4" time="0.0">
    <ignored/>
  </testcase> <!-- GroupTest4 -->
  <testcase classname="UI.BeforeAfterGroup" name="GroupTest4" time="0.0">
    <ignored/>
  </testcase> <!-- GroupTest4 -->
  <testcase classname="UI.Groups" name="GroupTest2" time="0.0">
    <ignored/>
  </testcase> <!-- GroupTest2 -->
</testsuite> <!-- GRP-Regression -->
