<?xml version="1.0" encoding="UTF-8"?>
<!-- Generated by org.testng.reporters.JUnitXMLReporter -->
<testsuite ignored="2" hostname="JAISU1606183L" failures="0" tests="6" name="Before After Test" time="0.054" errors="0" timestamp="2022-09-30T15:33:47 IST">
  <testcase classname="UI.BeforeAfterTest" name="method1" time="0.01"/>
  <testcase classname="UI.BeforeAfterTest" name="method2" time="0.001"/>
  <testcase classname="UI.BeforeAfterTest" name="method3" time="0.001"/>
  <testcase classname="UI.BeforeAfterMethod" name="method1" time="0.002"/>
  <testcase classname="UI.BeforeAfterMethod" name="method2" time="0.001"/>
  <testcase classname="UI.BeforeAfterMethod" name="method3" time="0.001"/>
  <testcase classname="Common.CommonRequirement" name="@AfterSuite DataTeardown" time="0.0">
    <ignored/>
  </testcase> <!-- @AfterSuite DataTeardown -->
  <testcase classname="Common.CommonRequirement" name="@BeforeSuite DatasetupStart" time="0.0">
    <ignored/>
  </testcase> <!-- @BeforeSuite DatasetupStart -->
</testsuite> <!-- Before After Test -->
